[    3662ms] [INFO] %cDownload the React DevTools for a better development experience: https://react.dev/link/react-devtools font-weight:bold @ http://localhost:3000/_next/static/chunks/74010_next_dist_04ad74f5._.js:2297
[    3954ms] [LOG] [HMR] connected @ http://localhost:3000/_next/static/chunks/74010_next_dist_04ad74f5._.js:2297
[    4205ms] [ERROR] A tree hydrated but some attributes of the server rendered HTML didn't match the client properties. This won't be patched up. This can happen if a SSR-ed Client Component used:

- A server/client branch `if (typeof window !== 'undefined')`.
- Variable input such as `Date.now()` or `Math.random()` which changes each time it's called.
- Date formatting in a user's locale which doesn't match the server.
- External changing data without sending a snapshot of it along with the HTML.
- Invalid HTML tag nesting.

It can also happen if the client has a browser extension installed which messes with the HTML before React loaded.

%s%s https://react.dev/link/hydration-mismatch 

  ...
    <HotReload globalError={[...]} webSocket={WebSocket} staticIndicatorState={{pathname:null, ...}}>
      <AppDevOverlayErrorBoundary globalError={[...]}>
        <ReplaySsrOnlyErrors>
        <DevRootHTTPAccessFallbackBoundary>
          <HTTPAccessFallbackBoundary notFound={<NotAllowedRootHTTPFallbackError>}>
            <HTTPAccessFallbackErrorBoundary pathname="/" notFound={<NotAllowedRootHTTPFallbackError>} ...>
              <RedirectBoundary>
                <RedirectErrorBoundary router={{...}}>
                  <Head>
                  <__next_root_layout_boundary__>
                    <SegmentViewNode type="layout" pagePath="/jobleo-fr...">
                      <SegmentTrieNode>
                      <link>
                      <script>
                      <RootLayout>
                        <html
                          className="manrope_27215d39-module__o15HXW__variable inter_a5565242-module__MR89TW__variable"
-                         lang="en"
                        >
                  ...
 @ http://localhost:3000/_next/static/chunks/74010_next_dist_04ad74f5._.js:3127
[    7384ms] [LOG] [Fast Refresh] rebuilding @ http://localhost:3000/_next/static/chunks/74010_next_dist_04ad74f5._.js:2297
[    7398ms] [LOG] [Fast Refresh] done in 112ms @ http://localhost:3000/_next/static/chunks/74010_next_dist_04ad74f5._.js:2297
